armin.js loaded!
brendon.js loaded!
carly.js loaded!
connor.js loaded!
epic.js loaded!
ethan.js loaded!
gif.js loaded!
gsearch.js loaded!
help.js loaded!
ian.js loaded!
michael.js loaded!
name.js loaded!
playnext.js loaded!
shitpost.js loaded!
ugg.js loaded!
ytsearch.js loaded!
Blitzcrank is online!
args: viego
https://static.u.gg/assets/lol/riot_static/12.4.1/img/spell/ViegoQ.png
https://static.u.gg/assets/lol/riot_static/12.4.1/img/spell/ViegoE.png
https://static.u.gg/assets/lol/riot_static/12.4.1/img/spell/ViegoW.png
https://static.u.gg/assets/lol/riot_static/12.4.1/img/sprite/item1.png
https://static.u.gg/assets/lol/riot_static/12.4.1/img/sprite/item0.png
https://static.u.gg/assets/lol/riot_static/12.4.1/img/sprite/item1.png
https://static.u.gg/assets/lol/riot_static/12.4.1/img/sprite/item1.png
https://static.u.gg/assets/lol/riot_static/12.4.1/img/sprite/item0.png
https://static.u.gg/assets/lol/riot_static/12.4.1/img/sprite/item0.png
https://static.u.gg/assets/lol/riot_static/12.4.1/img/sprite/item1.png
https://static.u.gg/assets/lol/riot_static/12.4.1/img/sprite/item0.png
https://static.u.gg/assets/lol/riot_static/12.4.1/img/sprite/item0.png
https://static.u.gg/assets/lol/riot_static/12.4.1/img/sprite/item0.png
https://static.u.gg/assets/lol/riot_static/12.4.1/img/sprite/item0.png
[
  'https://static.u.gg/assets/lol/riot_static/12.4.1/img/sprite/item1.png',
  'https://static.u.gg/assets/lol/riot_static/12.4.1/img/sprite/item0.png',
  'https://static.u.gg/assets/lol/riot_static/12.4.1/img/sprite/item1.png',
  'https://static.u.gg/assets/lol/riot_static/12.4.1/img/sprite/item1.png',
  'https://static.u.gg/assets/lol/riot_static/12.4.1/img/sprite/item0.png',
  'https://static.u.gg/assets/lol/riot_static/12.4.1/img/sprite/item0.png',
  'https://static.u.gg/assets/lol/riot_static/12.4.1/img/sprite/item1.png',
  'https://static.u.gg/assets/lol/riot_static/12.4.1/img/sprite/item0.png',
  'https://static.u.gg/assets/lol/riot_static/12.4.1/img/sprite/item0.png',
  'https://static.u.gg/assets/lol/riot_static/12.4.1/img/sprite/item0.png',
  'https://static.u.gg/assets/lol/riot_static/12.4.1/img/sprite/item0.png'
]
